Compiling the C compiler identification source file "CMakeCCompilerId.c" failed.
Compiler: /home/huzaifa/huzaifa/mxe/usr/x86_64-pc-linux-gnu/bin/i686-w64-mingw32.static-gcc 
Build flags: 
Id flags:  

The output was:
1
ccache: error: Could not find compiler "i686-w64-mingw32.static-gcc" in PATH


Compiling the C compiler identification source file "CMakeCCompilerId.c" failed.
Compiler: /home/huzaifa/huzaifa/mxe/usr/x86_64-pc-linux-gnu/bin/i686-w64-mingw32.static-gcc 
Build flags: 
Id flags: -c 

The output was:
1
ccache: error: Could not find compiler "i686-w64-mingw32.static-gcc" in PATH


Compiling the C compiler identification source file "CMakeCCompilerId.c" failed.
Compiler: /home/huzaifa/huzaifa/mxe/usr/x86_64-pc-linux-gnu/bin/i686-w64-mingw32.static-gcc 
Build flags: 
Id flags: -Aa 

The output was:
1
ccache: error: Could not find compiler "i686-w64-mingw32.static-gcc" in PATH


Compiling the C compiler identification source file "CMakeCCompilerId.c" failed.
Compiler: /home/huzaifa/huzaifa/mxe/usr/x86_64-pc-linux-gnu/bin/i686-w64-mingw32.static-gcc 
Build flags: 
Id flags: -D__CLASSIC_C__ 

The output was:
1
ccache: error: Could not find compiler "i686-w64-mingw32.static-gcc" in PATH


Compiling the C compiler identification source file "CMakeCCompilerId.c" failed.
Compiler: /home/huzaifa/huzaifa/mxe/usr/x86_64-pc-linux-gnu/bin/i686-w64-mingw32.static-gcc 
Build flags: 
Id flags: --target=arm-arm-none-eabi;-mcpu=cortex-m3 

The output was:
1
ccache: error: Could not find compiler "i686-w64-mingw32.static-gcc" in PATH


Compiling the C compiler identification source file "CMakeCCompilerId.c" failed.
Compiler: /home/huzaifa/huzaifa/mxe/usr/x86_64-pc-linux-gnu/bin/i686-w64-mingw32.static-gcc 
Build flags: 
Id flags: -c;-I__does_not_exist__ 

The output was:
1
ccache: error: Could not find compiler "i686-w64-mingw32.static-gcc" in PATH


Compiling the C compiler identification source file "CMakeCCompilerId.c" failed.
Compiler: /home/huzaifa/huzaifa/mxe/usr/x86_64-pc-linux-gnu/bin/i686-w64-mingw32.static-gcc 
Build flags: 
Id flags:  

The output was:
1
ccache: error: Could not find compiler "i686-w64-mingw32.static-gcc" in PATH


Compiling the C compiler identification source file "CMakeCCompilerId.c" failed.
Compiler: /home/huzaifa/huzaifa/mxe/usr/x86_64-pc-linux-gnu/bin/i686-w64-mingw32.static-gcc 
Build flags: 
Id flags: -c 

The output was:
1
ccache: error: Could not find compiler "i686-w64-mingw32.static-gcc" in PATH


Compiling the C compiler identification source file "CMakeCCompilerId.c" failed.
Compiler: /home/huzaifa/huzaifa/mxe/usr/x86_64-pc-linux-gnu/bin/i686-w64-mingw32.static-gcc 
Build flags: 
Id flags: -Aa 

The output was:
1
ccache: error: Could not find compiler "i686-w64-mingw32.static-gcc" in PATH


Compiling the C compiler identification source file "CMakeCCompilerId.c" failed.
Compiler: /home/huzaifa/huzaifa/mxe/usr/x86_64-pc-linux-gnu/bin/i686-w64-mingw32.static-gcc 
Build flags: 
Id flags: -D__CLASSIC_C__ 

The output was:
1
ccache: error: Could not find compiler "i686-w64-mingw32.static-gcc" in PATH


Compiling the C compiler identification source file "CMakeCCompilerId.c" failed.
Compiler: /home/huzaifa/huzaifa/mxe/usr/x86_64-pc-linux-gnu/bin/i686-w64-mingw32.static-gcc 
Build flags: 
Id flags: --target=arm-arm-none-eabi;-mcpu=cortex-m3 

The output was:
1
ccache: error: Could not find compiler "i686-w64-mingw32.static-gcc" in PATH


Compiling the C compiler identification source file "CMakeCCompilerId.c" failed.
Compiler: /home/huzaifa/huzaifa/mxe/usr/x86_64-pc-linux-gnu/bin/i686-w64-mingw32.static-gcc 
Build flags: 
Id flags: -c;-I__does_not_exist__ 

The output was:
1
ccache: error: Could not find compiler "i686-w64-mingw32.static-gcc" in PATH


Checking whether the C compiler is IAR using "" did not match "IAR .+ Compiler":
ccache: error: Could not find compiler "i686-w64-mingw32.static-gcc" in PATH
Checking whether the C compiler is IAR using "" did not match "IAR .+ Compiler":
ccache: error: Could not find compiler "i686-w64-mingw32.static-gcc" in PATH
Compiling the CXX compiler identification source file "CMakeCXXCompilerId.cpp" failed.
Compiler: /home/huzaifa/huzaifa/mxe/usr/x86_64-pc-linux-gnu/bin/i686-w64-mingw32.static-g++ 
Build flags: 
Id flags:  

The output was:
1
ccache: error: Could not find compiler "i686-w64-mingw32.static-g++" in PATH


Compiling the CXX compiler identification source file "CMakeCXXCompilerId.cpp" failed.
Compiler: /home/huzaifa/huzaifa/mxe/usr/x86_64-pc-linux-gnu/bin/i686-w64-mingw32.static-g++ 
Build flags: 
Id flags: -c 

The output was:
1
ccache: error: Could not find compiler "i686-w64-mingw32.static-g++" in PATH


Compiling the CXX compiler identification source file "CMakeCXXCompilerId.cpp" failed.
Compiler: /home/huzaifa/huzaifa/mxe/usr/x86_64-pc-linux-gnu/bin/i686-w64-mingw32.static-g++ 
Build flags: 
Id flags: --c++ 

The output was:
1
ccache: error: Could not find compiler "i686-w64-mingw32.static-g++" in PATH


Compiling the CXX compiler identification source file "CMakeCXXCompilerId.cpp" failed.
Compiler: /home/huzaifa/huzaifa/mxe/usr/x86_64-pc-linux-gnu/bin/i686-w64-mingw32.static-g++ 
Build flags: 
Id flags: --ec++ 

The output was:
1
ccache: error: Could not find compiler "i686-w64-mingw32.static-g++" in PATH


Compiling the CXX compiler identification source file "CMakeCXXCompilerId.cpp" failed.
Compiler: /home/huzaifa/huzaifa/mxe/usr/x86_64-pc-linux-gnu/bin/i686-w64-mingw32.static-g++ 
Build flags: 
Id flags: --target=arm-arm-none-eabi;-mcpu=cortex-m3 

The output was:
1
ccache: error: Could not find compiler "i686-w64-mingw32.static-g++" in PATH


Compiling the CXX compiler identification source file "CMakeCXXCompilerId.cpp" failed.
Compiler: /home/huzaifa/huzaifa/mxe/usr/x86_64-pc-linux-gnu/bin/i686-w64-mingw32.static-g++ 
Build flags: 
Id flags: -c;-I__does_not_exist__ 

The output was:
1
ccache: error: Could not find compiler "i686-w64-mingw32.static-g++" in PATH


Compiling the CXX compiler identification source file "CMakeCXXCompilerId.cpp" failed.
Compiler: /home/huzaifa/huzaifa/mxe/usr/x86_64-pc-linux-gnu/bin/i686-w64-mingw32.static-g++ 
Build flags: 
Id flags:  

The output was:
1
ccache: error: Could not find compiler "i686-w64-mingw32.static-g++" in PATH


Compiling the CXX compiler identification source file "CMakeCXXCompilerId.cpp" failed.
Compiler: /home/huzaifa/huzaifa/mxe/usr/x86_64-pc-linux-gnu/bin/i686-w64-mingw32.static-g++ 
Build flags: 
Id flags: -c 

The output was:
1
ccache: error: Could not find compiler "i686-w64-mingw32.static-g++" in PATH


Compiling the CXX compiler identification source file "CMakeCXXCompilerId.cpp" failed.
Compiler: /home/huzaifa/huzaifa/mxe/usr/x86_64-pc-linux-gnu/bin/i686-w64-mingw32.static-g++ 
Build flags: 
Id flags: --c++ 

The output was:
1
ccache: error: Could not find compiler "i686-w64-mingw32.static-g++" in PATH


Compiling the CXX compiler identification source file "CMakeCXXCompilerId.cpp" failed.
Compiler: /home/huzaifa/huzaifa/mxe/usr/x86_64-pc-linux-gnu/bin/i686-w64-mingw32.static-g++ 
Build flags: 
Id flags: --ec++ 

The output was:
1
ccache: error: Could not find compiler "i686-w64-mingw32.static-g++" in PATH


Compiling the CXX compiler identification source file "CMakeCXXCompilerId.cpp" failed.
Compiler: /home/huzaifa/huzaifa/mxe/usr/x86_64-pc-linux-gnu/bin/i686-w64-mingw32.static-g++ 
Build flags: 
Id flags: --target=arm-arm-none-eabi;-mcpu=cortex-m3 

The output was:
1
ccache: error: Could not find compiler "i686-w64-mingw32.static-g++" in PATH


Compiling the CXX compiler identification source file "CMakeCXXCompilerId.cpp" failed.
Compiler: /home/huzaifa/huzaifa/mxe/usr/x86_64-pc-linux-gnu/bin/i686-w64-mingw32.static-g++ 
Build flags: 
Id flags: -c;-I__does_not_exist__ 

The output was:
1
ccache: error: Could not find compiler "i686-w64-mingw32.static-g++" in PATH


Checking whether the CXX compiler is IAR using "" did not match "IAR .+ Compiler":
ccache: error: Could not find compiler "i686-w64-mingw32.static-g++" in PATH
Checking whether the CXX compiler is IAR using "" did not match "IAR .+ Compiler":
ccache: error: Could not find compiler "i686-w64-mingw32.static-g++" in PATH
Detecting C compiler ABI info failed to compile with the following output:
Change Dir: /home/huzaifa/line_draw_script/CMakeFiles/CMakeTmp

Run Build Command(s):/usr/bin/make -f Makefile cmTC_a79f9/fast && /usr/bin/make  -f CMakeFiles/cmTC_a79f9.dir/build.make CMakeFiles/cmTC_a79f9.dir/build
make[1]: Entering directory '/home/huzaifa/line_draw_script/CMakeFiles/CMakeTmp'
Building C object CMakeFiles/cmTC_a79f9.dir/CMakeCCompilerABI.c.obj
/home/huzaifa/huzaifa/mxe/usr/x86_64-pc-linux-gnu/bin/i686-w64-mingw32.static-gcc    -o CMakeFiles/cmTC_a79f9.dir/CMakeCCompilerABI.c.obj -c /home/huzaifa/huzaifa/mxe/usr/x86_64-pc-linux-gnu/share/cmake-3.23/Modules/CMakeCCompilerABI.c
ccache: error: Could not find compiler "i686-w64-mingw32.static-gcc" in PATH
make[1]: *** [CMakeFiles/cmTC_a79f9.dir/build.make:78: CMakeFiles/cmTC_a79f9.dir/CMakeCCompilerABI.c.obj] Error 1
make[1]: Leaving directory '/home/huzaifa/line_draw_script/CMakeFiles/CMakeTmp'
make: *** [Makefile:127: cmTC_a79f9/fast] Error 2




Determining if the C compiler works failed with the following output:
Change Dir: /home/huzaifa/line_draw_script/CMakeFiles/CMakeTmp

Run Build Command(s):/usr/bin/make -f Makefile cmTC_08cf0/fast && /usr/bin/make  -f CMakeFiles/cmTC_08cf0.dir/build.make CMakeFiles/cmTC_08cf0.dir/build
make[1]: Entering directory '/home/huzaifa/line_draw_script/CMakeFiles/CMakeTmp'
Building C object CMakeFiles/cmTC_08cf0.dir/testCCompiler.c.obj
/home/huzaifa/huzaifa/mxe/usr/x86_64-pc-linux-gnu/bin/i686-w64-mingw32.static-gcc    -o CMakeFiles/cmTC_08cf0.dir/testCCompiler.c.obj -c /home/huzaifa/line_draw_script/CMakeFiles/CMakeTmp/testCCompiler.c
ccache: error: Could not find compiler "i686-w64-mingw32.static-gcc" in PATH
make[1]: *** [CMakeFiles/cmTC_08cf0.dir/build.make:78: CMakeFiles/cmTC_08cf0.dir/testCCompiler.c.obj] Error 1
make[1]: Leaving directory '/home/huzaifa/line_draw_script/CMakeFiles/CMakeTmp'
make: *** [Makefile:127: cmTC_08cf0/fast] Error 2



Compiling the C compiler identification source file "CMakeCCompilerId.c" failed.
Compiler: /home/huzaifa/huzaifa/mxe/usr/x86_64-pc-linux-gnu/bin/i686-w64-mingw32.static-gcc 
Build flags: 
Id flags:  

The output was:
1
ccache: error: Could not find compiler "i686-w64-mingw32.static-gcc" in PATH


Compiling the C compiler identification source file "CMakeCCompilerId.c" failed.
Compiler: /home/huzaifa/huzaifa/mxe/usr/x86_64-pc-linux-gnu/bin/i686-w64-mingw32.static-gcc 
Build flags: 
Id flags: -c 

The output was:
1
ccache: error: Could not find compiler "i686-w64-mingw32.static-gcc" in PATH


Compiling the C compiler identification source file "CMakeCCompilerId.c" failed.
Compiler: /home/huzaifa/huzaifa/mxe/usr/x86_64-pc-linux-gnu/bin/i686-w64-mingw32.static-gcc 
Build flags: 
Id flags: -Aa 

The output was:
1
ccache: error: Could not find compiler "i686-w64-mingw32.static-gcc" in PATH


Compiling the C compiler identification source file "CMakeCCompilerId.c" failed.
Compiler: /home/huzaifa/huzaifa/mxe/usr/x86_64-pc-linux-gnu/bin/i686-w64-mingw32.static-gcc 
Build flags: 
Id flags: -D__CLASSIC_C__ 

The output was:
1
ccache: error: Could not find compiler "i686-w64-mingw32.static-gcc" in PATH


Compiling the C compiler identification source file "CMakeCCompilerId.c" failed.
Compiler: /home/huzaifa/huzaifa/mxe/usr/x86_64-pc-linux-gnu/bin/i686-w64-mingw32.static-gcc 
Build flags: 
Id flags: --target=arm-arm-none-eabi;-mcpu=cortex-m3 

The output was:
1
ccache: error: Could not find compiler "i686-w64-mingw32.static-gcc" in PATH


Compiling the C compiler identification source file "CMakeCCompilerId.c" failed.
Compiler: /home/huzaifa/huzaifa/mxe/usr/x86_64-pc-linux-gnu/bin/i686-w64-mingw32.static-gcc 
Build flags: 
Id flags: -c;-I__does_not_exist__ 

The output was:
1
ccache: error: Could not find compiler "i686-w64-mingw32.static-gcc" in PATH


Compiling the C compiler identification source file "CMakeCCompilerId.c" failed.
Compiler: /home/huzaifa/huzaifa/mxe/usr/x86_64-pc-linux-gnu/bin/i686-w64-mingw32.static-gcc 
Build flags: 
Id flags:  

The output was:
1
ccache: error: Could not find compiler "i686-w64-mingw32.static-gcc" in PATH


Compiling the C compiler identification source file "CMakeCCompilerId.c" failed.
Compiler: /home/huzaifa/huzaifa/mxe/usr/x86_64-pc-linux-gnu/bin/i686-w64-mingw32.static-gcc 
Build flags: 
Id flags: -c 

The output was:
1
ccache: error: Could not find compiler "i686-w64-mingw32.static-gcc" in PATH


Compiling the C compiler identification source file "CMakeCCompilerId.c" failed.
Compiler: /home/huzaifa/huzaifa/mxe/usr/x86_64-pc-linux-gnu/bin/i686-w64-mingw32.static-gcc 
Build flags: 
Id flags: -Aa 

The output was:
1
ccache: error: Could not find compiler "i686-w64-mingw32.static-gcc" in PATH


Compiling the C compiler identification source file "CMakeCCompilerId.c" failed.
Compiler: /home/huzaifa/huzaifa/mxe/usr/x86_64-pc-linux-gnu/bin/i686-w64-mingw32.static-gcc 
Build flags: 
Id flags: -D__CLASSIC_C__ 

The output was:
1
ccache: error: Could not find compiler "i686-w64-mingw32.static-gcc" in PATH


Compiling the C compiler identification source file "CMakeCCompilerId.c" failed.
Compiler: /home/huzaifa/huzaifa/mxe/usr/x86_64-pc-linux-gnu/bin/i686-w64-mingw32.static-gcc 
Build flags: 
Id flags: --target=arm-arm-none-eabi;-mcpu=cortex-m3 

The output was:
1
ccache: error: Could not find compiler "i686-w64-mingw32.static-gcc" in PATH


Compiling the C compiler identification source file "CMakeCCompilerId.c" failed.
Compiler: /home/huzaifa/huzaifa/mxe/usr/x86_64-pc-linux-gnu/bin/i686-w64-mingw32.static-gcc 
Build flags: 
Id flags: -c;-I__does_not_exist__ 

The output was:
1
ccache: error: Could not find compiler "i686-w64-mingw32.static-gcc" in PATH


Checking whether the C compiler is IAR using "" did not match "IAR .+ Compiler":
ccache: error: Could not find compiler "i686-w64-mingw32.static-gcc" in PATH
Checking whether the C compiler is IAR using "" did not match "IAR .+ Compiler":
ccache: error: Could not find compiler "i686-w64-mingw32.static-gcc" in PATH
Compiling the CXX compiler identification source file "CMakeCXXCompilerId.cpp" failed.
Compiler: /home/huzaifa/huzaifa/mxe/usr/x86_64-pc-linux-gnu/bin/i686-w64-mingw32.static-g++ 
Build flags: 
Id flags:  

The output was:
1
ccache: error: Could not find compiler "i686-w64-mingw32.static-g++" in PATH


Compiling the CXX compiler identification source file "CMakeCXXCompilerId.cpp" failed.
Compiler: /home/huzaifa/huzaifa/mxe/usr/x86_64-pc-linux-gnu/bin/i686-w64-mingw32.static-g++ 
Build flags: 
Id flags: -c 

The output was:
1
ccache: error: Could not find compiler "i686-w64-mingw32.static-g++" in PATH


Compiling the CXX compiler identification source file "CMakeCXXCompilerId.cpp" failed.
Compiler: /home/huzaifa/huzaifa/mxe/usr/x86_64-pc-linux-gnu/bin/i686-w64-mingw32.static-g++ 
Build flags: 
Id flags: --c++ 

The output was:
1
ccache: error: Could not find compiler "i686-w64-mingw32.static-g++" in PATH


Compiling the CXX compiler identification source file "CMakeCXXCompilerId.cpp" failed.
Compiler: /home/huzaifa/huzaifa/mxe/usr/x86_64-pc-linux-gnu/bin/i686-w64-mingw32.static-g++ 
Build flags: 
Id flags: --ec++ 

The output was:
1
ccache: error: Could not find compiler "i686-w64-mingw32.static-g++" in PATH


Compiling the CXX compiler identification source file "CMakeCXXCompilerId.cpp" failed.
Compiler: /home/huzaifa/huzaifa/mxe/usr/x86_64-pc-linux-gnu/bin/i686-w64-mingw32.static-g++ 
Build flags: 
Id flags: --target=arm-arm-none-eabi;-mcpu=cortex-m3 

The output was:
1
ccache: error: Could not find compiler "i686-w64-mingw32.static-g++" in PATH


Compiling the CXX compiler identification source file "CMakeCXXCompilerId.cpp" failed.
Compiler: /home/huzaifa/huzaifa/mxe/usr/x86_64-pc-linux-gnu/bin/i686-w64-mingw32.static-g++ 
Build flags: 
Id flags: -c;-I__does_not_exist__ 

The output was:
1
ccache: error: Could not find compiler "i686-w64-mingw32.static-g++" in PATH


Compiling the CXX compiler identification source file "CMakeCXXCompilerId.cpp" failed.
Compiler: /home/huzaifa/huzaifa/mxe/usr/x86_64-pc-linux-gnu/bin/i686-w64-mingw32.static-g++ 
Build flags: 
Id flags:  

The output was:
1
ccache: error: Could not find compiler "i686-w64-mingw32.static-g++" in PATH


Compiling the CXX compiler identification source file "CMakeCXXCompilerId.cpp" failed.
Compiler: /home/huzaifa/huzaifa/mxe/usr/x86_64-pc-linux-gnu/bin/i686-w64-mingw32.static-g++ 
Build flags: 
Id flags: -c 

The output was:
1
ccache: error: Could not find compiler "i686-w64-mingw32.static-g++" in PATH


Compiling the CXX compiler identification source file "CMakeCXXCompilerId.cpp" failed.
Compiler: /home/huzaifa/huzaifa/mxe/usr/x86_64-pc-linux-gnu/bin/i686-w64-mingw32.static-g++ 
Build flags: 
Id flags: --c++ 

The output was:
1
ccache: error: Could not find compiler "i686-w64-mingw32.static-g++" in PATH


Compiling the CXX compiler identification source file "CMakeCXXCompilerId.cpp" failed.
Compiler: /home/huzaifa/huzaifa/mxe/usr/x86_64-pc-linux-gnu/bin/i686-w64-mingw32.static-g++ 
Build flags: 
Id flags: --ec++ 

The output was:
1
ccache: error: Could not find compiler "i686-w64-mingw32.static-g++" in PATH


Compiling the CXX compiler identification source file "CMakeCXXCompilerId.cpp" failed.
Compiler: /home/huzaifa/huzaifa/mxe/usr/x86_64-pc-linux-gnu/bin/i686-w64-mingw32.static-g++ 
Build flags: 
Id flags: --target=arm-arm-none-eabi;-mcpu=cortex-m3 

The output was:
1
ccache: error: Could not find compiler "i686-w64-mingw32.static-g++" in PATH


Compiling the CXX compiler identification source file "CMakeCXXCompilerId.cpp" failed.
Compiler: /home/huzaifa/huzaifa/mxe/usr/x86_64-pc-linux-gnu/bin/i686-w64-mingw32.static-g++ 
Build flags: 
Id flags: -c;-I__does_not_exist__ 

The output was:
1
ccache: error: Could not find compiler "i686-w64-mingw32.static-g++" in PATH


Checking whether the CXX compiler is IAR using "" did not match "IAR .+ Compiler":
ccache: error: Could not find compiler "i686-w64-mingw32.static-g++" in PATH
Checking whether the CXX compiler is IAR using "" did not match "IAR .+ Compiler":
ccache: error: Could not find compiler "i686-w64-mingw32.static-g++" in PATH
Detecting C compiler ABI info failed to compile with the following output:
Change Dir: /home/huzaifa/line_draw_script/CMakeFiles/CMakeTmp

Run Build Command(s):/usr/bin/make -f Makefile cmTC_7b9c9/fast && /usr/bin/make  -f CMakeFiles/cmTC_7b9c9.dir/build.make CMakeFiles/cmTC_7b9c9.dir/build
make[1]: Entering directory '/home/huzaifa/line_draw_script/CMakeFiles/CMakeTmp'
Building C object CMakeFiles/cmTC_7b9c9.dir/CMakeCCompilerABI.c.obj
/home/huzaifa/huzaifa/mxe/usr/x86_64-pc-linux-gnu/bin/i686-w64-mingw32.static-gcc    -o CMakeFiles/cmTC_7b9c9.dir/CMakeCCompilerABI.c.obj -c /home/huzaifa/huzaifa/mxe/usr/x86_64-pc-linux-gnu/share/cmake-3.23/Modules/CMakeCCompilerABI.c
ccache: error: Could not find compiler "i686-w64-mingw32.static-gcc" in PATH
make[1]: *** [CMakeFiles/cmTC_7b9c9.dir/build.make:78: CMakeFiles/cmTC_7b9c9.dir/CMakeCCompilerABI.c.obj] Error 1
make[1]: Leaving directory '/home/huzaifa/line_draw_script/CMakeFiles/CMakeTmp'
make: *** [Makefile:127: cmTC_7b9c9/fast] Error 2




Determining if the C compiler works failed with the following output:
Change Dir: /home/huzaifa/line_draw_script/CMakeFiles/CMakeTmp

Run Build Command(s):/usr/bin/make -f Makefile cmTC_46513/fast && /usr/bin/make  -f CMakeFiles/cmTC_46513.dir/build.make CMakeFiles/cmTC_46513.dir/build
make[1]: Entering directory '/home/huzaifa/line_draw_script/CMakeFiles/CMakeTmp'
Building C object CMakeFiles/cmTC_46513.dir/testCCompiler.c.obj
/home/huzaifa/huzaifa/mxe/usr/x86_64-pc-linux-gnu/bin/i686-w64-mingw32.static-gcc    -o CMakeFiles/cmTC_46513.dir/testCCompiler.c.obj -c /home/huzaifa/line_draw_script/CMakeFiles/CMakeTmp/testCCompiler.c
ccache: error: Could not find compiler "i686-w64-mingw32.static-gcc" in PATH
make[1]: *** [CMakeFiles/cmTC_46513.dir/build.make:78: CMakeFiles/cmTC_46513.dir/testCCompiler.c.obj] Error 1
make[1]: Leaving directory '/home/huzaifa/line_draw_script/CMakeFiles/CMakeTmp'
make: *** [Makefile:127: cmTC_46513/fast] Error 2



